<?xml version="1.0" encoding="UTF-8"?>
<!-- Generated by org.testng.reporters.JUnitReportReporter -->
<testsuite hostname="Vedant-Honor" failures="0" tests="3" name="shopperstack.testcases.Register" time="11.455" errors="0" timestamp="2024-05-12T22:14:24 BST" skipped="0">
  <testcase classname="shopperstack.testcases.Register" name="verifyRegisteringAccountWithoutFillingAnyDetails" time="3.823"/>
  <system-out/>
  <testcase classname="shopperstack.testcases.Register" name="verifyRegisteringAnAccountWithMandatoryFields" time="4.230"/>
  <system-out/>
  <testcase classname="shopperstack.testcases.Register" name="verifyRegisteringAccountWithExistingEmailAdress" time="3.402"/>
  <system-out/>
</testsuite> <!-- shopperstack.testcases.Register -->
