<?xml version="1.0" encoding="UTF-8"?>
<!-- Generated by org.testng.reporters.JUnitReportReporter -->
<testsuite hostname="Vedant-Honor" failures="0" tests="3" name="shopperstack.testcases.Login" time="10.800" errors="0" timestamp="2024-05-12T22:14:24 BST" skipped="0">
  <testcase classname="shopperstack.testcases.Login" name="verifyLoginWithValidCredentials" time="3.734"/>
  <system-out/>
  <testcase classname="shopperstack.testcases.Login" name="verifyLoginWithValidEmailAndInvalidPassword" time="3.648"/>
  <system-out/>
  <testcase classname="shopperstack.testcases.Login" name="verifyLoginWithInvalidEmailAndValidPassword" time="3.418"/>
  <system-out/>
</testsuite> <!-- shopperstack.testcases.Login -->
